build/app/intermediates/manifest_merge_blame_file/debug/manifest-merger-blame-debug-report.txt
1<?xml version="1.0" encoding="utf-8"?>
2<manifest xmlns:android="http://schemas.android.com/apk/res/android"
3    package="com.TestEvaluation.jmm"
4    android:versionCode="1"
5    android:versionName="1.0.0" >
6
7    <uses-sdk
8        android:minSdkVersion="16"
9        android:targetSdkVersion="29" />
10    <!--
11         Flutter needs it to communicate with the running application
12         to allow setting breakpoints, to provide hot reload, etc.
13    -->
14    <uses-permission android:name="android.permission.INTERNET" />
14-->src/main/AndroidManifest.xml:8:5-66
14-->src/main/AndroidManifest.xml:8:22-64
15    <uses-permission android:name="android.permission.USE_FINGERPRINT" />
15-->src/main/AndroidManifest.xml:9:5-73
15-->src/main/AndroidManifest.xml:9:22-71
16    <uses-permission android:name="android.permission.READ_EXTERNAL_STORAGE" />
16-->[:image_picker] AndroidManifest.xml:7:5-80
16-->[:image_picker] AndroidManifest.xml:7:22-77
17    <uses-permission android:name="android.permission.WRITE_EXTERNAL_STORAGE" />
17-->[:image_picker] AndroidManifest.xml:8:5-81
17-->[:image_picker] AndroidManifest.xml:8:22-78
18    <uses-permission android:name="android.permission.ACCESS_NETWORK_STATE" />
18-->[com.google.firebase:firebase-auth:20.0.3] AndroidManifest.xml:24:5-79
18-->[com.google.firebase:firebase-auth:20.0.3] AndroidManifest.xml:24:22-76
19    <uses-permission android:name="android.permission.USE_BIOMETRIC" />
19-->[androidx.biometric:biometric:1.0.0-beta01] AndroidManifest.xml:24:5-72
19-->[androidx.biometric:biometric:1.0.0-beta01] AndroidManifest.xml:24:22-69
20    <uses-permission android:name="android.permission.WAKE_LOCK" /> <!-- Required by older versions of Google Play services to create IID tokens -->
20-->[com.google.firebase:firebase-iid:21.0.1] AndroidManifest.xml:24:5-68
20-->[com.google.firebase:firebase-iid:21.0.1] AndroidManifest.xml:24:22-65
21    <uses-permission android:name="com.google.android.c2dm.permission.RECEIVE" />
21-->[com.google.firebase:firebase-iid:21.0.1] AndroidManifest.xml:26:5-82
21-->[com.google.firebase:firebase-iid:21.0.1] AndroidManifest.xml:26:22-79
22    <uses-permission android:name="com.google.android.finsky.permission.BIND_GET_INSTALL_REFERRER_SERVICE" />
22-->[com.google.android.gms:play-services-measurement:18.0.2] AndroidManifest.xml:26:5-110
22-->[com.google.android.gms:play-services-measurement:18.0.2] AndroidManifest.xml:26:22-107
23
24    <application
24-->src/main/AndroidManifest.xml:10:5-68:19
25        android:name="io.flutter.app.FlutterApplication"
25-->src/main/AndroidManifest.xml:11:9-57
26        android:appComponentFactory="androidx.core.app.CoreComponentFactory"
26-->[androidx.core:core:1.1.0] AndroidManifest.xml:24:18-86
27        android:debuggable="true"
28        android:icon="@mipmap/ic_launcher"
28-->src/main/AndroidManifest.xml:13:9-43
29        android:label="Evaluation"
29-->src/main/AndroidManifest.xml:12:9-35
30        android:supportsRtl="true" >
30-->[com.facebook.android:facebook-login:8.1.0] AndroidManifest.xml:28:18-44
31        <meta-data
31-->src/main/AndroidManifest.xml:15:9-16:54
32            android:name="com.facebook.sdk.ApplicationId"
32-->src/main/AndroidManifest.xml:15:20-65
33            android:value="@string/facebook_app_id" />
33-->src/main/AndroidManifest.xml:16:13-52
34
35        <activity
35-->src/main/AndroidManifest.xml:18:9-21:48
36            android:name="com.facebook.FacebookActivity"
36-->src/main/AndroidManifest.xml:18:19-63
37            android:configChanges="keyboard|keyboardHidden|screenLayout|screenSize|orientation"
37-->src/main/AndroidManifest.xml:19:13-113
38            android:label="@string/app_name"
38-->src/main/AndroidManifest.xml:21:13-45
39            android:theme="@style/com_facebook_activity_theme" />
39-->[com.facebook.android:facebook-common:8.1.0] AndroidManifest.xml:33:13-63
40        <activity
40-->src/main/AndroidManifest.xml:22:9-31:20
41            android:name="com.facebook.CustomTabActivity"
41-->src/main/AndroidManifest.xml:23:13-58
42            android:exported="true" >
42-->src/main/AndroidManifest.xml:24:13-36
43            <intent-filter>
43-->src/main/AndroidManifest.xml:25:13-30:29
44                <action android:name="android.intent.action.VIEW" />
44-->src/main/AndroidManifest.xml:26:17-69
44-->src/main/AndroidManifest.xml:26:25-66
45
46                <category android:name="android.intent.category.DEFAULT" />
46-->src/main/AndroidManifest.xml:27:17-76
46-->src/main/AndroidManifest.xml:27:27-73
47                <category android:name="android.intent.category.BROWSABLE" />
47-->src/main/AndroidManifest.xml:28:17-78
47-->src/main/AndroidManifest.xml:28:27-75
48
49                <data android:scheme="@string/fb_login_protocol_scheme" />
49-->src/main/AndroidManifest.xml:29:17-75
49-->src/main/AndroidManifest.xml:29:23-72
50            </intent-filter>
51            <intent-filter>
51-->[com.facebook.android:facebook-common:8.1.0] AndroidManifest.xml:39:13-48:29
52                <action android:name="android.intent.action.VIEW" />
52-->src/main/AndroidManifest.xml:26:17-69
52-->src/main/AndroidManifest.xml:26:25-66
53
54                <category android:name="android.intent.category.DEFAULT" />
54-->src/main/AndroidManifest.xml:27:17-76
54-->src/main/AndroidManifest.xml:27:27-73
55                <category android:name="android.intent.category.BROWSABLE" />
55-->src/main/AndroidManifest.xml:28:17-78
55-->src/main/AndroidManifest.xml:28:27-75
56
57                <data
57-->src/main/AndroidManifest.xml:29:17-75
58                    android:host="cct.com.TestEvaluation.jmm"
59                    android:scheme="fbconnect" />
59-->src/main/AndroidManifest.xml:29:23-72
60            </intent-filter>
61        </activity>
62        <activity
62-->src/main/AndroidManifest.xml:34:9-62:20
63            android:name="com.TestEvaluation.jmm.MainActivity"
63-->src/main/AndroidManifest.xml:35:13-41
64            android:configChanges="orientation|keyboardHidden|keyboard|screenSize|smallestScreenSize|locale|layoutDirection|fontScale|screenLayout|density|uiMode"
64-->src/main/AndroidManifest.xml:38:13-163
65            android:hardwareAccelerated="true"
65-->src/main/AndroidManifest.xml:39:13-47
66            android:launchMode="singleTop"
66-->src/main/AndroidManifest.xml:36:13-43
67            android:theme="@style/LaunchTheme"
67-->src/main/AndroidManifest.xml:37:13-47
68            android:windowSoftInputMode="adjustResize" >
68-->src/main/AndroidManifest.xml:40:13-55
69
70            <!--
71                 Specifies an Android theme to apply to this Activity as soon as
72                 the Android process has started. This theme is visible to the user
73                 while the Flutter UI initializes. After that, this theme continues
74                 to determine the Window background behind the Flutter UI.
75            -->
76            <meta-data
76-->src/main/AndroidManifest.xml:45:13-48:17
77                android:name="io.flutter.embedding.android.NormalTheme"
77-->src/main/AndroidManifest.xml:46:15-70
78                android:resource="@style/NormalTheme" />
78-->src/main/AndroidManifest.xml:47:15-52
79            <!--
80                 Displays an Android View that continues showing the launch screen
81                 Drawable until Flutter paints its first frame, then this splash
82                 screen fades out. A splash screen is useful to avoid any visual
83                 gap between the end of Android's launch screen and the painting of
84                 Flutter's first frame.
85            -->
86            <meta-data
86-->src/main/AndroidManifest.xml:54:13-57:17
87                android:name="io.flutter.embedding.android.SplashScreenDrawable"
87-->src/main/AndroidManifest.xml:55:15-79
88                android:resource="@drawable/launch_background" />
88-->src/main/AndroidManifest.xml:56:15-61
89
90            <intent-filter>
90-->src/main/AndroidManifest.xml:58:13-61:29
91                <action android:name="android.intent.action.MAIN" />
91-->src/main/AndroidManifest.xml:59:17-68
91-->src/main/AndroidManifest.xml:59:25-66
92
93                <category android:name="android.intent.category.LAUNCHER" />
93-->src/main/AndroidManifest.xml:60:17-76
93-->src/main/AndroidManifest.xml:60:27-74
94            </intent-filter>
95        </activity>
96        <!--
97             Don't delete the meta-data below.
98             This is used by the Flutter tool to generate GeneratedPluginRegistrant.java
99        -->
100        <meta-data
100-->src/main/AndroidManifest.xml:65:9-67:33
101            android:name="flutterEmbedding"
101-->src/main/AndroidManifest.xml:66:13-44
102            android:value="2" />
102-->src/main/AndroidManifest.xml:67:13-30
103
104        <service
104-->[:firebase_storage] AndroidManifest.xml:8:9-12:19
105            android:name="com.google.firebase.components.ComponentDiscoveryService"
105-->[:firebase_storage] AndroidManifest.xml:8:18-89
106            android:directBootAware="true"
106-->[com.google.firebase:firebase-common:19.5.0] AndroidManifest.xml:35:13-43
107            android:exported="false" >
107-->[com.google.firebase:firebase-auth:20.0.3] AndroidManifest.xml:76:13-37
108            <meta-data
108-->[:firebase_storage] AndroidManifest.xml:9:13-11:85
109                android:name="com.google.firebase.components:io.flutter.plugins.firebase.storage.FlutterFirebaseAppRegistrar"
109-->[:firebase_storage] AndroidManifest.xml:10:17-126
110                android:value="com.google.firebase.components.ComponentRegistrar" />
110-->[:firebase_storage] AndroidManifest.xml:11:17-82
111            <meta-data
111-->[:firebase_messaging] AndroidManifest.xml:14:13-16:85
112                android:name="com.google.firebase.components:io.flutter.plugins.firebasemessaging.FlutterFirebaseAppRegistrar"
112-->[:firebase_messaging] AndroidManifest.xml:15:17-127
113                android:value="com.google.firebase.components.ComponentRegistrar" />
113-->[:firebase_messaging] AndroidManifest.xml:16:17-82
114            <meta-data
114-->[:cloud_firestore] AndroidManifest.xml:9:13-11:85
115                android:name="com.google.firebase.components:io.flutter.plugins.firebase.firestore.FlutterFirebaseFirestoreRegistrar"
115-->[:cloud_firestore] AndroidManifest.xml:10:17-134
116                android:value="com.google.firebase.components.ComponentRegistrar" />
116-->[:cloud_firestore] AndroidManifest.xml:11:17-82
117            <meta-data
117-->[:firebase_database] AndroidManifest.xml:9:13-11:85
118                android:name="com.google.firebase.components:io.flutter.plugins.firebase.database.FlutterFirebaseAppRegistrar"
118-->[:firebase_database] AndroidManifest.xml:10:17-127
119                android:value="com.google.firebase.components.ComponentRegistrar" />
119-->[:firebase_database] AndroidManifest.xml:11:17-82
120            <meta-data
120-->[:firebase_auth] AndroidManifest.xml:9:13-11:85
121                android:name="com.google.firebase.components:io.flutter.plugins.firebase.auth.FlutterFirebaseAuthRegistrar"
121-->[:firebase_auth] AndroidManifest.xml:10:17-124
122                android:value="com.google.firebase.components.ComponentRegistrar" />
122-->[:firebase_auth] AndroidManifest.xml:11:17-82
123            <meta-data
123-->[:firebase_core] AndroidManifest.xml:9:13-11:85
124                android:name="com.google.firebase.components:io.flutter.plugins.firebase.core.FlutterFirebaseCoreRegistrar"
124-->[:firebase_core] AndroidManifest.xml:10:17-124
125                android:value="com.google.firebase.components.ComponentRegistrar" />
125-->[:firebase_core] AndroidManifest.xml:11:17-82
126            <meta-data
126-->[com.google.firebase:firebase-auth:20.0.3] AndroidManifest.xml:77:13-79:85
127                android:name="com.google.firebase.components:com.google.firebase.auth.FirebaseAuthRegistrar"
127-->[com.google.firebase:firebase-auth:20.0.3] AndroidManifest.xml:78:17-109
128                android:value="com.google.firebase.components.ComponentRegistrar" />
128-->[com.google.firebase:firebase-auth:20.0.3] AndroidManifest.xml:79:17-82
129            <meta-data
129-->[com.google.firebase:firebase-storage:19.2.1] AndroidManifest.xml:33:13-35:85
130                android:name="com.google.firebase.components:com.google.firebase.storage.StorageRegistrar"
130-->[com.google.firebase:firebase-storage:19.2.1] AndroidManifest.xml:34:17-107
131                android:value="com.google.firebase.components.ComponentRegistrar" />
131-->[com.google.firebase:firebase-storage:19.2.1] AndroidManifest.xml:35:17-82
132            <meta-data
132-->[com.google.firebase:firebase-firestore:22.1.1] AndroidManifest.xml:20:13-22:85
133                android:name="com.google.firebase.components:com.google.firebase.firestore.FirestoreRegistrar"
133-->[com.google.firebase:firebase-firestore:22.1.1] AndroidManifest.xml:21:17-111
134                android:value="com.google.firebase.components.ComponentRegistrar" />
134-->[com.google.firebase:firebase-firestore:22.1.1] AndroidManifest.xml:22:17-82
135            <meta-data
135-->[com.google.firebase:firebase-database:19.6.0] AndroidManifest.xml:32:13-34:85
136                android:name="com.google.firebase.components:com.google.firebase.database.DatabaseRegistrar"
136-->[com.google.firebase:firebase-database:19.6.0] AndroidManifest.xml:33:17-109
137                android:value="com.google.firebase.components.ComponentRegistrar" />
137-->[com.google.firebase:firebase-database:19.6.0] AndroidManifest.xml:34:17-82
138            <meta-data
138-->[com.google.firebase:firebase-messaging:21.0.1] AndroidManifest.xml:39:13-41:85
139                android:name="com.google.firebase.components:com.google.firebase.messaging.FirebaseMessagingRegistrar"
139-->[com.google.firebase:firebase-messaging:21.0.1] AndroidManifest.xml:40:17-119
140                android:value="com.google.firebase.components.ComponentRegistrar" />
140-->[com.google.firebase:firebase-messaging:21.0.1] AndroidManifest.xml:41:17-82
141            <meta-data
141-->[com.google.firebase:firebase-iid:21.0.1] AndroidManifest.xml:32:13-34:85
142                android:name="com.google.firebase.components:com.google.firebase.iid.Registrar"
142-->[com.google.firebase:firebase-iid:21.0.1] AndroidManifest.xml:33:17-96
143                android:value="com.google.firebase.components.ComponentRegistrar" />
143-->[com.google.firebase:firebase-iid:21.0.1] AndroidManifest.xml:34:17-82
144            <meta-data
144-->[com.google.firebase:firebase-datatransport:17.0.10] AndroidManifest.xml:28:13-30:85
145                android:name="com.google.firebase.components:com.google.firebase.datatransport.TransportRegistrar"
145-->[com.google.firebase:firebase-datatransport:17.0.10] AndroidManifest.xml:29:17-115
146                android:value="com.google.firebase.components.ComponentRegistrar" />
146-->[com.google.firebase:firebase-datatransport:17.0.10] AndroidManifest.xml:30:17-82
147            <meta-data
147-->[com.google.android.gms:play-services-measurement-api:18.0.2] AndroidManifest.xml:30:13-32:85
148                android:name="com.google.firebase.components:com.google.firebase.analytics.connector.internal.AnalyticsConnectorRegistrar"
148-->[com.google.android.gms:play-services-measurement-api:18.0.2] AndroidManifest.xml:31:17-139
149                android:value="com.google.firebase.components.ComponentRegistrar" />
149-->[com.google.android.gms:play-services-measurement-api:18.0.2] AndroidManifest.xml:32:17-82
150            <meta-data
150-->[com.google.firebase:firebase-installations:16.3.5] AndroidManifest.xml:18:13-20:85
151                android:name="com.google.firebase.components:com.google.firebase.installations.FirebaseInstallationsRegistrar"
151-->[com.google.firebase:firebase-installations:16.3.5] AndroidManifest.xml:19:17-127
152                android:value="com.google.firebase.components.ComponentRegistrar" />
152-->[com.google.firebase:firebase-installations:16.3.5] AndroidManifest.xml:20:17-82
153            <!--
154                This registrar is not defined in the dynamic-module-support sdk itself to allow non-firebase
155                clients to use it as well, by defining this registrar in their own core/common library.
156            -->
157            <meta-data
157-->[com.google.firebase:firebase-common:19.5.0] AndroidManifest.xml:43:13-45:85
158                android:name="com.google.firebase.components:com.google.firebase.dynamicloading.DynamicLoadingRegistrar"
158-->[com.google.firebase:firebase-common:19.5.0] AndroidManifest.xml:44:17-121
159                android:value="com.google.firebase.components.ComponentRegistrar" />
159-->[com.google.firebase:firebase-common:19.5.0] AndroidManifest.xml:45:17-82
160        </service>
161
162        <provider
162-->[:image_picker] AndroidManifest.xml:11:9-19:20
163            android:name="io.flutter.plugins.imagepicker.ImagePickerFileProvider"
163-->[:image_picker] AndroidManifest.xml:12:13-82
164            android:authorities="com.TestEvaluation.jmm.flutter.image_provider"
164-->[:image_picker] AndroidManifest.xml:13:13-74
165            android:exported="false"
165-->[:image_picker] AndroidManifest.xml:14:13-37
166            android:grantUriPermissions="true" >
166-->[:image_picker] AndroidManifest.xml:15:13-47
167            <meta-data
167-->[:image_picker] AndroidManifest.xml:16:13-18:75
168                android:name="android.support.FILE_PROVIDER_PATHS"
168-->[:image_picker] AndroidManifest.xml:17:17-67
169                android:resource="@xml/flutter_image_picker_file_paths" />
169-->[:image_picker] AndroidManifest.xml:18:17-72
170        </provider>
171
172        <service android:name="io.flutter.plugins.firebasemessaging.FlutterFirebaseMessagingService" >
172-->[:firebase_messaging] AndroidManifest.xml:8:9-12:19
172-->[:firebase_messaging] AndroidManifest.xml:8:18-101
173            <intent-filter>
173-->[:firebase_messaging] AndroidManifest.xml:9:13-11:29
174                <action android:name="com.google.firebase.MESSAGING_EVENT" />
174-->[:firebase_messaging] AndroidManifest.xml:10:17-78
174-->[:firebase_messaging] AndroidManifest.xml:10:25-75
175            </intent-filter>
176        </service>
177
178        <activity
178-->[com.google.firebase:firebase-auth:20.0.3] AndroidManifest.xml:27:9-44:20
179            android:name="com.google.firebase.auth.internal.GenericIdpActivity"
179-->[com.google.firebase:firebase-auth:20.0.3] AndroidManifest.xml:28:13-80
180            android:excludeFromRecents="true"
180-->[com.google.firebase:firebase-auth:20.0.3] AndroidManifest.xml:29:13-46
181            android:exported="true"
181-->[com.google.firebase:firebase-auth:20.0.3] AndroidManifest.xml:30:13-36
182            android:launchMode="singleTask"
182-->[com.google.firebase:firebase-auth:20.0.3] AndroidManifest.xml:31:13-44
183            android:theme="@android:style/Theme.Translucent.NoTitleBar" >
183-->[com.google.firebase:firebase-auth:20.0.3] AndroidManifest.xml:32:13-72
184            <intent-filter>
184-->[com.google.firebase:firebase-auth:20.0.3] AndroidManifest.xml:33:13-43:29
185                <action android:name="android.intent.action.VIEW" />
185-->src/main/AndroidManifest.xml:26:17-69
185-->src/main/AndroidManifest.xml:26:25-66
186
187                <category android:name="android.intent.category.DEFAULT" />
187-->src/main/AndroidManifest.xml:27:17-76
187-->src/main/AndroidManifest.xml:27:27-73
188                <category android:name="android.intent.category.BROWSABLE" />
188-->src/main/AndroidManifest.xml:28:17-78
188-->src/main/AndroidManifest.xml:28:27-75
189
190                <data
190-->src/main/AndroidManifest.xml:29:17-75
191                    android:host="firebase.auth"
192                    android:path="/"
193                    android:scheme="genericidp" />
193-->src/main/AndroidManifest.xml:29:23-72
194            </intent-filter>
195        </activity>
196        <activity
196-->[com.google.firebase:firebase-auth:20.0.3] AndroidManifest.xml:45:9-62:20
197            android:name="com.google.firebase.auth.internal.RecaptchaActivity"
197-->[com.google.firebase:firebase-auth:20.0.3] AndroidManifest.xml:46:13-79
198            android:excludeFromRecents="true"
198-->[com.google.firebase:firebase-auth:20.0.3] AndroidManifest.xml:47:13-46
199            android:exported="true"
199-->[com.google.firebase:firebase-auth:20.0.3] AndroidManifest.xml:48:13-36
200            android:launchMode="singleTask"
200-->[com.google.firebase:firebase-auth:20.0.3] AndroidManifest.xml:49:13-44
201            android:theme="@android:style/Theme.Translucent.NoTitleBar" >
201-->[com.google.firebase:firebase-auth:20.0.3] AndroidManifest.xml:50:13-72
202            <intent-filter>
202-->[com.google.firebase:firebase-auth:20.0.3] AndroidManifest.xml:51:13-61:29
203                <action android:name="android.intent.action.VIEW" />
203-->src/main/AndroidManifest.xml:26:17-69
203-->src/main/AndroidManifest.xml:26:25-66
204
205                <category android:name="android.intent.category.DEFAULT" />
205-->src/main/AndroidManifest.xml:27:17-76
205-->src/main/AndroidManifest.xml:27:27-73
206                <category android:name="android.intent.category.BROWSABLE" />
206-->src/main/AndroidManifest.xml:28:17-78
206-->src/main/AndroidManifest.xml:28:27-75
207
208                <data
208-->src/main/AndroidManifest.xml:29:17-75
209                    android:host="firebase.auth"
210                    android:path="/"
211                    android:scheme="recaptcha" />
211-->src/main/AndroidManifest.xml:29:23-72
212            </intent-filter>
213        </activity>
214
215        <service
215-->[com.google.firebase:firebase-auth:20.0.3] AndroidManifest.xml:64:9-73:19
216            android:name="com.google.firebase.auth.api.fallback.service.FirebaseAuthFallbackService"
216-->[com.google.firebase:firebase-auth:20.0.3] AndroidManifest.xml:65:13-101
217            android:enabled="true"
217-->[com.google.firebase:firebase-auth:20.0.3] AndroidManifest.xml:66:13-35
218            android:exported="false" >
218-->[com.google.firebase:firebase-auth:20.0.3] AndroidManifest.xml:67:13-37
219            <intent-filter>
219-->[com.google.firebase:firebase-auth:20.0.3] AndroidManifest.xml:68:13-72:29
220                <action android:name="com.google.firebase.auth.api.gms.service.START" />
220-->[com.google.firebase:firebase-auth:20.0.3] AndroidManifest.xml:69:17-89
220-->[com.google.firebase:firebase-auth:20.0.3] AndroidManifest.xml:69:25-86
221
222                <category android:name="android.intent.category.DEFAULT" />
222-->src/main/AndroidManifest.xml:27:17-76
222-->src/main/AndroidManifest.xml:27:27-73
223            </intent-filter>
224        </service>
225
226        <activity android:name="com.facebook.CustomTabMainActivity" />
226-->[com.facebook.android:facebook-common:8.1.0] AndroidManifest.xml:34:9-71
226-->[com.facebook.android:facebook-common:8.1.0] AndroidManifest.xml:34:19-68
227        <activity
227-->[androidx.biometric:biometric:1.0.0-beta01] AndroidManifest.xml:28:9-30:67
228            android:name="androidx.biometric.DeviceCredentialHandlerActivity"
228-->[androidx.biometric:biometric:1.0.0-beta01] AndroidManifest.xml:29:13-78
229            android:theme="@style/DeviceCredentialHandlerTheme" />
229-->[androidx.biometric:biometric:1.0.0-beta01] AndroidManifest.xml:30:13-64
230        <activity
230-->[com.google.android.gms:play-services-auth:16.0.1] AndroidManifest.xml:23:9-27:75
231            android:name="com.google.android.gms.auth.api.signin.internal.SignInHubActivity"
231-->[com.google.android.gms:play-services-auth:16.0.1] AndroidManifest.xml:24:13-93
232            android:excludeFromRecents="true"
232-->[com.google.android.gms:play-services-auth:16.0.1] AndroidManifest.xml:25:13-46
233            android:exported="false"
233-->[com.google.android.gms:play-services-auth:16.0.1] AndroidManifest.xml:26:13-37
234            android:theme="@android:style/Theme.Translucent.NoTitleBar" />
234-->[com.google.android.gms:play-services-auth:16.0.1] AndroidManifest.xml:27:13-72
235        <!--
236            Service handling Google Sign-In user revocation. For apps that do not integrate with
237            Google Sign-In, this service will never be started.
238        -->
239        <service
239-->[com.google.android.gms:play-services-auth:16.0.1] AndroidManifest.xml:33:9-36:110
240            android:name="com.google.android.gms.auth.api.signin.RevocationBoundService"
240-->[com.google.android.gms:play-services-auth:16.0.1] AndroidManifest.xml:34:13-89
241            android:exported="true"
241-->[com.google.android.gms:play-services-auth:16.0.1] AndroidManifest.xml:35:13-36
242            android:permission="com.google.android.gms.auth.api.signin.permission.REVOCATION_NOTIFICATION" />
242-->[com.google.android.gms:play-services-auth:16.0.1] AndroidManifest.xml:36:13-107
243        <!--
244             FirebaseMessagingService performs security checks at runtime,
245             but set to not exported to explicitly avoid allowing another app to call it.
246        -->
247        <service
247-->[com.google.firebase:firebase-messaging:21.0.1] AndroidManifest.xml:28:9-35:19
248            android:name="com.google.firebase.messaging.FirebaseMessagingService"
248-->[com.google.firebase:firebase-messaging:21.0.1] AndroidManifest.xml:29:13-82
249            android:directBootAware="true"
249-->[com.google.firebase:firebase-messaging:21.0.1] AndroidManifest.xml:30:13-43
250            android:exported="false" >
250-->[com.google.firebase:firebase-messaging:21.0.1] AndroidManifest.xml:31:13-37
251            <intent-filter android:priority="-500" >
251-->[:firebase_messaging] AndroidManifest.xml:9:13-11:29
252                <action android:name="com.google.firebase.MESSAGING_EVENT" />
252-->[:firebase_messaging] AndroidManifest.xml:10:17-78
252-->[:firebase_messaging] AndroidManifest.xml:10:25-75
253            </intent-filter>
254        </service>
255
256        <receiver
256-->[com.google.firebase:firebase-iid:21.0.1] AndroidManifest.xml:37:9-44:20
257            android:name="com.google.firebase.iid.FirebaseInstanceIdReceiver"
257-->[com.google.firebase:firebase-iid:21.0.1] AndroidManifest.xml:38:13-78
258            android:exported="true"
258-->[com.google.firebase:firebase-iid:21.0.1] AndroidManifest.xml:39:13-36
259            android:permission="com.google.android.c2dm.permission.SEND" >
259-->[com.google.firebase:firebase-iid:21.0.1] AndroidManifest.xml:40:13-73
260            <intent-filter>
260-->[com.google.firebase:firebase-iid:21.0.1] AndroidManifest.xml:41:13-43:29
261                <action android:name="com.google.android.c2dm.intent.RECEIVE" />
261-->[com.google.firebase:firebase-iid:21.0.1] AndroidManifest.xml:42:17-81
261-->[com.google.firebase:firebase-iid:21.0.1] AndroidManifest.xml:42:25-78
262            </intent-filter>
263        </receiver>
264
265        <activity
265-->[com.google.android.gms:play-services-base:17.1.0] AndroidManifest.xml:23:9-26:75
266            android:name="com.google.android.gms.common.api.GoogleApiActivity"
266-->[com.google.android.gms:play-services-base:17.1.0] AndroidManifest.xml:24:13-79
267            android:exported="false"
267-->[com.google.android.gms:play-services-base:17.1.0] AndroidManifest.xml:25:13-37
268            android:theme="@android:style/Theme.Translucent.NoTitleBar" />
268-->[com.google.android.gms:play-services-base:17.1.0] AndroidManifest.xml:26:13-72
269
270        <provider
270-->[com.google.firebase:firebase-common:19.5.0] AndroidManifest.xml:26:9-31:39
271            android:name="com.google.firebase.provider.FirebaseInitProvider"
271-->[com.google.firebase:firebase-common:19.5.0] AndroidManifest.xml:27:13-77
272            android:authorities="com.TestEvaluation.jmm.firebaseinitprovider"
272-->[com.google.firebase:firebase-common:19.5.0] AndroidManifest.xml:28:13-72
273            android:directBootAware="true"
273-->[com.google.firebase:firebase-common:19.5.0] AndroidManifest.xml:29:13-43
274            android:exported="false"
274-->[com.google.firebase:firebase-common:19.5.0] AndroidManifest.xml:30:13-37
275            android:initOrder="100" />
275-->[com.google.firebase:firebase-common:19.5.0] AndroidManifest.xml:31:13-36
276
277        <receiver
277-->[com.google.android.gms:play-services-measurement:18.0.2] AndroidManifest.xml:29:9-33:20
278            android:name="com.google.android.gms.measurement.AppMeasurementReceiver"
278-->[com.google.android.gms:play-services-measurement:18.0.2] AndroidManifest.xml:30:13-85
279            android:enabled="true"
279-->[com.google.android.gms:play-services-measurement:18.0.2] AndroidManifest.xml:31:13-35
280            android:exported="false" >
280-->[com.google.android.gms:play-services-measurement:18.0.2] AndroidManifest.xml:32:13-37
281        </receiver>
282
283        <service
283-->[com.google.android.gms:play-services-measurement:18.0.2] AndroidManifest.xml:35:9-38:40
284            android:name="com.google.android.gms.measurement.AppMeasurementService"
284-->[com.google.android.gms:play-services-measurement:18.0.2] AndroidManifest.xml:36:13-84
285            android:enabled="true"
285-->[com.google.android.gms:play-services-measurement:18.0.2] AndroidManifest.xml:37:13-35
286            android:exported="false" />
286-->[com.google.android.gms:play-services-measurement:18.0.2] AndroidManifest.xml:38:13-37
287        <service
287-->[com.google.android.gms:play-services-measurement:18.0.2] AndroidManifest.xml:39:9-43:72
288            android:name="com.google.android.gms.measurement.AppMeasurementJobService"
288-->[com.google.android.gms:play-services-measurement:18.0.2] AndroidManifest.xml:40:13-87
289            android:enabled="true"